2022-10-05T22:27:52.643Z - log: [Package] menu@1.0.0 enable
2022-10-05T22:27:52.645Z - log: [Package] profile@1.0.0 enable
2022-10-05T22:27:52.654Z - log: [Package] project@1.0.2 enable
2022-10-05T22:27:52.660Z - log: [Package] messages@1.0.0 enable
2022-10-05T22:27:52.663Z - log: [Package] program@1.0.0 enable
2022-10-05T22:27:52.672Z - log: [Package] tester@1.0.0 enable
2022-10-05T22:27:52.677Z - log: [Package] preferences@1.0.0 enable
2022-10-05T22:27:56.748Z - log: Profile changed: engine (modules.includeModules: 2d,animation,audio,base,dragon-bones,gfx-webgl,gfx-webgl2,intersection-2d,marionette,particle-2d,physics-2d-box2d,profiler,skeletal-animation,spine,tiled-map,tween,ui,video,webview)
2022-10-05T22:27:56.770Z - log: [Package] engine@1.0.6 enable
2022-10-05T22:27:58.369Z - log: [Package] programming@1.0.0 enable
2022-10-05T22:27:58.430Z - warn: 
2022-10-05T22:27:58.474Z - warn: 
2022-10-05T22:27:58.640Z - log: [Package] device@1.0.1 enable
2022-10-05T22:27:58.667Z - log: [Package] ui-kit@1.0.1 enable
2022-10-05T22:27:58.690Z - log: [Package] engine-extends@1.0.0 enable
2022-10-05T22:27:58.778Z - log: [Package] asset-db@1.0.0 enable
2022-10-05T22:27:58.779Z - warn: 
2022-10-05T22:27:58.824Z - log: [Package] scene@1.0.0 enable
2022-10-05T22:27:59.034Z - log: [Package] server@1.0.0 enable
2022-10-05T22:27:59.064Z - log: [Package] utils@1.0.0 enable
2022-10-05T22:28:00.058Z - warn: Browserslist: caniuse-lite is outdated. Please run:
npx browserslist@latest --update-db

Why you should do it regularly:
https://github.com/browserslist/browserslist#browsers-data-updating
2022-10-05T22:28:04.093Z - warn: 
2022-10-05T22:28:04.094Z - warn: 
2022-10-05T22:28:04.094Z - warn: 
2022-10-05T22:28:04.103Z - warn: 
2022-10-05T22:28:04.103Z - warn: 
2022-10-05T22:28:04.103Z - warn: 
2022-10-05T22:28:05.925Z - warn: 
2022-10-05T22:28:06.010Z - log: [Package] preview@1.0.1 enable
2022-10-05T22:28:06.044Z - log: [Package] animator@1.0.0 enable
2022-10-05T22:28:06.092Z - log: pluginManager init: 0.179ms
2022-10-05T22:28:06.441Z - warn: 
2022-10-05T22:28:06.441Z - warn: 
2022-10-05T22:28:06.441Z - warn: 
2022-10-05T22:28:07.723Z - log: [Package] builder@1.3.3 enable
2022-10-05T22:28:07.759Z - log: [Package] shortcuts@1.0.1 enable
2022-10-05T22:28:07.795Z - log: [Package] animation-graph@1.0.0 enable
2022-10-05T22:28:07.824Z - log: [Package] about@1.0.0 enable
2022-10-05T22:28:07.855Z - log: [Package] assets@1.0.0 enable
2022-10-05T22:28:07.885Z - log: [Package] console@1.0.0 enable
2022-10-05T22:28:08.078Z - log: [Package] extension@3.0.16 enable
2022-10-05T22:28:08.110Z - log: [Package] hierarchy@1.0.0 enable
2022-10-05T22:28:08.144Z - log: [Package] inspector@1.0.0 enable
2022-10-05T22:28:08.174Z - log: [Package] lightmap@1.0.4 enable
2022-10-05T22:28:08.726Z - log: [Package] localization-editor@1.0.0 enable
2022-10-05T22:28:08.735Z - log: [Build-plugin] register pkg localization-editor: 6.266ms
2022-10-05T22:28:08.765Z - log: [Package] node-library@1.0.1 enable
2022-10-05T22:28:08.789Z - log: [Package] package-asset@1.0.0 enable
2022-10-05T22:28:08.821Z - log: [Package] process@1.0.0 enable
2022-10-05T22:28:08.850Z - log: [Package] reference-image@1.0.0 enable
2022-10-05T22:28:08.873Z - log: [Package] alipay-mini-game@1.0.1 enable
2022-10-05T22:28:08.874Z - log: [Build-plugin] register pkg alipay-mini-game: 1.114ms
2022-10-05T22:28:08.897Z - log: [Package] android@1.0.1 enable
2022-10-05T22:28:08.908Z - log: [Build-plugin] register pkg android: 10.572ms
2022-10-05T22:28:08.930Z - log: [Package] baidu-mini-game@1.0.1 enable
2022-10-05T22:28:08.937Z - log: [Build-plugin] register pkg baidu-mini-game: 6.565ms
2022-10-05T22:28:09.023Z - log: [Package] bytedance-mini-game@1.0.2 enable
2022-10-05T22:28:09.028Z - log: [Build-plugin] register pkg bytedance-mini-game: 4.683ms
2022-10-05T22:28:09.051Z - log: [Package] certificate@1.0.0 enable
2022-10-05T22:28:09.074Z - log: [Package] channel-upload-tools@1.0.0 enable
2022-10-05T22:28:09.097Z - log: [Package] cocos-play@1.0.1 enable
2022-10-05T22:28:09.105Z - log: [Build-plugin] register pkg cocos-play: 8.306ms
2022-10-05T22:28:09.128Z - log: [Package] huawei-agc@1.0.0 enable
2022-10-05T22:28:09.135Z - log: [Build-plugin] register pkg huawei-agc: 6.285ms
2022-10-05T22:28:09.159Z - log: [Package] huawei-quick-game@1.0.1 enable
2022-10-05T22:28:09.166Z - log: [Build-plugin] register pkg huawei-quick-game: 7.003ms
2022-10-05T22:28:09.194Z - log: [Package] ios@1.0.0 enable
2022-10-05T22:28:09.201Z - log: [Build-plugin] register pkg ios: 6.39ms
2022-10-05T22:28:09.222Z - log: [Package] linux@1.0.0 enable
2022-10-05T22:28:09.224Z - log: [Build-plugin] register pkg linux: 1.088ms
2022-10-05T22:28:09.247Z - log: [Package] mac@1.0.0 enable
2022-10-05T22:28:09.254Z - log: [Build-plugin] register pkg mac: 6.59ms
2022-10-05T22:28:09.382Z - log: [Package] native@1.0.2 enable
2022-10-05T22:28:09.387Z - log: [Build-plugin] register pkg native: 5.05ms
2022-10-05T22:28:09.410Z - log: [Package] ohos@1.0.0 enable
2022-10-05T22:28:09.417Z - log: [Build-plugin] register pkg ohos: 6.147ms
2022-10-05T22:28:09.439Z - log: [Package] open-harmonyos@1.0.0 enable
2022-10-05T22:28:09.441Z - log: [Build-plugin] register pkg open-harmonyos: 1.116ms
2022-10-05T22:28:09.463Z - log: [Package] oppo-mini-game@1.0.1 enable
2022-10-05T22:28:09.471Z - log: [Build-plugin] register pkg oppo-mini-game: 7.049ms
2022-10-05T22:28:09.492Z - log: [Package] runtime-dev-tools@1.0.0 enable
2022-10-05T22:28:09.515Z - log: [Package] vivo-mini-game@1.0.1 enable
2022-10-05T22:28:09.520Z - log: [Build-plugin] register pkg vivo-mini-game: 5.311ms
2022-10-05T22:28:09.570Z - log: [Package] web-desktop@1.0.1 enable
2022-10-05T22:28:09.576Z - log: [Build-plugin] register pkg web-desktop: 6.008ms
2022-10-05T22:28:09.606Z - log: [Package] web-mobile@1.0.1 enable
2022-10-05T22:28:09.612Z - log: [Build-plugin] register pkg web-mobile: 4.694ms
2022-10-05T22:28:09.645Z - log: [Package] wechatgame@1.0.2 enable
2022-10-05T22:28:09.652Z - log: [Build-plugin] register pkg wechatgame: 6.075ms
2022-10-05T22:28:09.674Z - log: [Package] windows@1.0.1 enable
2022-10-05T22:28:09.680Z - log: [Build-plugin] register pkg windows: 5.119ms
2022-10-05T22:28:09.702Z - log: [Package] xiaomi-quick-game@1.0.1 enable
2022-10-05T22:28:09.707Z - log: [Build-plugin] register pkg xiaomi-quick-game: 5.453ms
2022-10-05T22:28:09.999Z - log: [Package] cocos-service@3.0.4 enable
2022-10-05T22:28:10.005Z - log: [Build-plugin] register pkg cocos-service: 2.836ms
2022-10-05T22:28:10.035Z - log: [Package] importer@1.0.0 enable
2022-10-05T22:28:10.320Z - log: [Im-plugin] Check im-plugin version.
2022-10-05T22:28:10.326Z - log: [Package] im-plugin@3.0.9 enable
2022-10-05T22:28:13.402Z - log: [Im-plugin] No online info of im-plugin.
2022-10-05T22:28:14.695Z - log: [Scene] Please specifiy a default value for "cc.EditorExtendable.__editorExtras__" property at its declaration:

 
// Before:
@property(...)
myProp;
// After:
@property(...)
myProp = 0;
2022-10-05T22:28:14.734Z - log: [Scene] Please specifiy a default value for "CCPropertyOverrideInfo.value" property at its declaration:

 
// Before:
@property(...)
myProp;
// After:
@property(...)
myProp = 0;
2022-10-05T22:28:14.735Z - log: [Scene] Please specifiy a default value for "cc.PrefabInfo.asset" property at its declaration:

 
// Before:
@property(...)
myProp;
// After:
@property(...)
myProp = 0;
2022-10-05T22:28:14.736Z - log: [Scene] Please specifiy a default value for "cc.PrefabInfo.nestedPrefabInstanceRoots" property at its declaration:

 
// Before:
@property(...)
myProp;
// After:
@property(...)
myProp = 0;
2022-10-05T22:28:14.742Z - log: [Scene] The 'default' attribute of 'ColorDesc.beginAccesses' must be an array
2022-10-05T22:28:14.742Z - log: [Scene] The 'default' attribute of 'ColorDesc.endAccesses' must be an array
2022-10-05T22:28:14.762Z - log: [Scene] Please specifiy a default value for "cc.animation.TrackBinding.proxy" property at its declaration:

 
// Before:
@property(...)
myProp;
// After:
@property(...)
myProp = 0;
2022-10-05T22:28:14.762Z - log: [Scene] Please specifiy a default value for "cc.animation.Channel._curve" property at its declaration:

 
// Before:
@property(...)
myProp;
// After:
@property(...)
myProp = 0;
2022-10-05T22:28:14.762Z - log: [Scene] Please specifiy a default value for "cc.animation.SingleChannelTrack._channel" property at its declaration:

 
// Before:
@property(...)
myProp;
// After:
@property(...)
myProp = 0;
2022-10-05T22:28:14.763Z - log: [Scene] Please specifiy a default value for "cc.animation.VectorTrack._channels" property at its declaration:

 
// Before:
@property(...)
myProp;
// After:
@property(...)
myProp = 0;
2022-10-05T22:28:14.763Z - log: [Scene] Please specifiy a default value for "cc.animation.ColorTrack._channels" property at its declaration:

 
// Before:
@property(...)
myProp;
// After:
@property(...)
myProp = 0;
2022-10-05T22:28:14.764Z - log: [Scene] Please specifiy a default value for "cc.animation.SizeTrack._channels" property at its declaration:

 
// Before:
@property(...)
myProp;
// After:
@property(...)
myProp = 0;
2022-10-05T22:28:14.764Z - log: [Scene] Please specifiy a default value for "cc.animation.Transition.from" property at its declaration:

 
// Before:
@property(...)
myProp;
// After:
@property(...)
myProp = 0;
2022-10-05T22:28:14.764Z - log: [Scene] Please specifiy a default value for "cc.animation.Transition.to" property at its declaration:

 
// Before:
@property(...)
myProp;
// After:
@property(...)
myProp = 0;
2022-10-05T22:28:14.765Z - log: [Scene] Please specifiy a default value for "cc.animation.StateMachine._entryState" property at its declaration:

 
// Before:
@property(...)
myProp;
// After:
@property(...)
myProp = 0;
2022-10-05T22:28:14.765Z - log: [Scene] Please specifiy a default value for "cc.animation.StateMachine._exitState" property at its declaration:

 
// Before:
@property(...)
myProp;
// After:
@property(...)
myProp = 0;
2022-10-05T22:28:14.765Z - log: [Scene] Please specifiy a default value for "cc.animation.StateMachine._anyState" property at its declaration:

 
// Before:
@property(...)
myProp;
// After:
@property(...)
myProp = 0;
2022-10-05T22:28:14.765Z - log: [Scene] Please specifiy a default value for "cc.animation.Layer._stateMachine" property at its declaration:

 
// Before:
@property(...)
myProp;
// After:
@property(...)
myProp = 0;
2022-10-05T22:28:14.767Z - log: [Scene] Please specifiy a default value for "cc.animation.ExoticVectorLikeTrackValues._values" property at its declaration:

 
// Before:
@property(...)
myProp;
// After:
@property(...)
myProp = 0;
2022-10-05T22:28:14.767Z - log: [Scene] Please specifiy a default value for "cc.animation.ExoticVectorLikeTrackValues._isQuantized" property at its declaration:

 
// Before:
@property(...)
myProp;
// After:
@property(...)
myProp = 0;
2022-10-05T22:28:14.767Z - log: [Scene] Please specifiy a default value for "cc.animation.ExoticTrack.times" property at its declaration:

 
// Before:
@property(...)
myProp;
// After:
@property(...)
myProp = 0;
2022-10-05T22:28:14.767Z - log: [Scene] Please specifiy a default value for "cc.animation.ExoticTrack.values" property at its declaration:

 
// Before:
@property(...)
myProp;
// After:
@property(...)
myProp = 0;
2022-10-05T22:28:14.767Z - log: [Scene] Please specifiy a default value for "cc.animation.QuantizedFloatArray.originalPrecision" property at its declaration:

 
// Before:
@property(...)
myProp;
// After:
@property(...)
myProp = 0;
2022-10-05T22:28:14.767Z - log: [Scene] Please specifiy a default value for "cc.animation.QuantizedFloatArray.min" property at its declaration:

 
// Before:
@property(...)
myProp;
// After:
@property(...)
myProp = 0;
2022-10-05T22:28:14.767Z - log: [Scene] Please specifiy a default value for "cc.animation.QuantizedFloatArray.extent" property at its declaration:

 
// Before:
@property(...)
myProp;
// After:
@property(...)
myProp = 0;
2022-10-05T22:28:14.767Z - log: [Scene] Please specifiy a default value for "cc.animation.QuantizedFloatArray.values" property at its declaration:

 
// Before:
@property(...)
myProp;
// After:
@property(...)
myProp = 0;
2022-10-05T22:28:14.814Z - log: [Scene] 'cc.ParticleSystem2D.color' hides inherited property 'cc.UIRenderer.color'. To make the current property override that implementation, add the `override: true` attribute please.
2022-10-05T22:28:14.872Z - log: [Scene] No needs to indicate the 'cc.Boolean' attribute for "cc.Terrain._receiveShadow", which its default value is type of Boolean.
2022-10-05T22:28:14.872Z - log: [Scene] No needs to indicate the 'cc.Boolean' attribute for "cc.Terrain._useNormalmap", which its default value is type of Boolean.
2022-10-05T22:28:14.873Z - log: [Scene] No needs to indicate the 'cc.Boolean' attribute for "cc.Terrain._usePBR", which its default value is type of Boolean.
2022-10-05T22:28:14.873Z - log: [Scene] No needs to indicate the 'cc.Boolean' attribute for "cc.Terrain._lodEnable", which its default value is type of Boolean.
2022-10-05T22:28:14.987Z - info: [Scene] [Physics][Bullet]: Using asmjs Bullet libs.
2022-10-05T22:28:15.001Z - info: [Scene] [PHYSICS]: using builtin.
2022-10-05T22:28:15.159Z - log: [Scene] Cocos Creator v3.6.0
2022-10-05T22:28:15.160Z - info: [Scene] Forward render pipeline initialized.
2022-10-05T22:28:36.780Z - log: [Window] Deprecated as of 10.7.0. highlight(lang, code, ...args) has been deprecated.
2022-10-05T22:28:36.780Z - log: [Window] Deprecated as of 10.7.0. Please use highlight(code, options) instead.
https://github.com/highlightjs/highlight.js/issues/2277
2022-10-05T22:28:36.831Z - warn: Please set the application in Preferences -> External Programs -> Default Script Editor to better open the script
2022-10-05T22:34:03.241Z - warn: Metrics: no valid info
