debug: Thu, 13 Oct 2022 13:35:37 GMT
debug: Project: C:\Users\Killa\Desktop\SnakeMatch
debug: Targets: editor,preview
debug: Incremental file seems great.
debug: Engine path: C:\CocosDashboard_1.2.2\resources\.editors\Creator\3.6.0\resources\resources\3d\engine
debug: Initializing target [Editor]
debug: Loading cache
debug: Loading cache costs 1.0650999993085861ms.
debug: Engine features shipped in editor: base,gfx-webgl,gfx-webgl2,3d,animation,skeletal-animation,2d,ui,particle,particle-2d,physics-framework,physics-2d-framework,intersection-2d,primitive,profiler,occlusion-query,geometry-renderer,debug-renderer,audio,video,terrain,webview,tween,tiled-map,spine,dragon-bones,marionette,custom-pipeline
debug: Our import map(foo:/bar): {
  "imports": {
    "cc": "cce:/internal/x/cc"
  }
}
debug: Initializing target [Preview]
debug: Loading cache
debug: Loading cache costs 0.8196000009775162ms.
debug: Our import map(foo:/bar): {
  "imports": {
    "cc": "cce:/internal/x/cc"
  }
}
debug: Sync engine features: 2d,animation,audio,base,dragon-bones,gfx-webgl,gfx-webgl2,intersection-2d,marionette,particle-2d,physics-2d-box2d,profiler,skeletal-animation,spine,tiled-map,tween,ui,video,webview
debug: Reset databases. Enumerated domains: [
  {
    "root": "db://internal/",
    "physical": "C:\\CocosDashboard_1.2.2\\resources\\.editors\\Creator\\3.6.0\\resources\\resources\\3d\\engine\\editor\\assets"
  },
  {
    "root": "db://assets/",
    "physical": "C:\\Users\\Killa\\Desktop\\SnakeMatch\\assets"
  }
]
debug: Our import map(foo:/bar): {
  "imports": {
    "cc": "cce:/internal/x/cc",
    "db://internal/": "file:///C:/CocosDashboard_1.2.2/resources/.editors/Creator/3.6.0/resources/resources/3d/engine/editor/assets/",
    "db://assets/": "file:///C:/Users/Killa/Desktop/SnakeMatch/assets/"
  }
}
debug: Our import map(foo:/bar): {
  "imports": {
    "cc": "cce:/internal/x/cc",
    "db://internal/": "file:///C:/CocosDashboard_1.2.2/resources/.editors/Creator/3.6.0/resources/resources/3d/engine/editor/assets/",
    "db://assets/": "file:///C:/Users/Killa/Desktop/SnakeMatch/assets/"
  }
}
debug: Pulling asset-db.
debug: Fetch asset-db cost: 3.917800009250641ms.
debug: Build iteration starts.
Number of accumulated asset changes: 3
Feature changed: false
debug: Target(editor) build started.
debug: Detected change: cce:/internal/x/cc. Last mtime: Wed Dec 31 1969 21:00:09 GMT-0300 (hora estándar de Argentina), Current mtime: Wed Dec 31 1969 21:00:13 GMT-0300 (hora estándar de Argentina)
debug: Inspect cce:/internal/x/cc
debug: Resolve cce:/internal/x/cc-fu/base from cce:/internal/x/cc as external dependency cce:/internal/x/cc-fu/base.
debug: Resolve cce:/internal/x/cc-fu/gfx-webgl from cce:/internal/x/cc as external dependency cce:/internal/x/cc-fu/gfx-webgl.
debug: Resolve cce:/internal/x/cc-fu/gfx-webgl2 from cce:/internal/x/cc as external dependency cce:/internal/x/cc-fu/gfx-webgl2.
debug: Resolve cce:/internal/x/cc-fu/3d from cce:/internal/x/cc as external dependency cce:/internal/x/cc-fu/3d.
debug: Resolve cce:/internal/x/cc-fu/animation from cce:/internal/x/cc as external dependency cce:/internal/x/cc-fu/animation.
debug: Resolve cce:/internal/x/cc-fu/skeletal-animation from cce:/internal/x/cc as external dependency cce:/internal/x/cc-fu/skeletal-animation.
debug: Resolve cce:/internal/x/cc-fu/2d from cce:/internal/x/cc as external dependency cce:/internal/x/cc-fu/2d.
debug: Resolve cce:/internal/x/cc-fu/ui from cce:/internal/x/cc as external dependency cce:/internal/x/cc-fu/ui.
debug: Resolve cce:/internal/x/cc-fu/particle from cce:/internal/x/cc as external dependency cce:/internal/x/cc-fu/particle.
debug: Resolve cce:/internal/x/cc-fu/particle-2d from cce:/internal/x/cc as external dependency cce:/internal/x/cc-fu/particle-2d.
debug: Resolve cce:/internal/x/cc-fu/physics-framework from cce:/internal/x/cc as external dependency cce:/internal/x/cc-fu/physics-framework.
debug: Resolve cce:/internal/x/cc-fu/physics-2d-framework from cce:/internal/x/cc as external dependency cce:/internal/x/cc-fu/physics-2d-framework.
debug: Resolve cce:/internal/x/cc-fu/intersection-2d from cce:/internal/x/cc as external dependency cce:/internal/x/cc-fu/intersection-2d.
debug: Resolve cce:/internal/x/cc-fu/primitive from cce:/internal/x/cc as external dependency cce:/internal/x/cc-fu/primitive.
debug: Resolve cce:/internal/x/cc-fu/profiler from cce:/internal/x/cc as external dependency cce:/internal/x/cc-fu/profiler.
debug: Resolve cce:/internal/x/cc-fu/geometry-renderer from cce:/internal/x/cc as external dependency cce:/internal/x/cc-fu/geometry-renderer.
debug: Resolve cce:/internal/x/cc-fu/audio from cce:/internal/x/cc as external dependency cce:/internal/x/cc-fu/audio.
debug: Resolve cce:/internal/x/cc-fu/video from cce:/internal/x/cc as external dependency cce:/internal/x/cc-fu/video.
debug: Resolve cce:/internal/x/cc-fu/terrain from cce:/internal/x/cc as external dependency cce:/internal/x/cc-fu/terrain.
debug: Resolve cce:/internal/x/cc-fu/webview from cce:/internal/x/cc as external dependency cce:/internal/x/cc-fu/webview.
debug: Resolve cce:/internal/x/cc-fu/tween from cce:/internal/x/cc as external dependency cce:/internal/x/cc-fu/tween.
debug: Resolve cce:/internal/x/cc-fu/tiled-map from cce:/internal/x/cc as external dependency cce:/internal/x/cc-fu/tiled-map.
debug: Resolve cce:/internal/x/cc-fu/spine from cce:/internal/x/cc as external dependency cce:/internal/x/cc-fu/spine.
debug: Resolve cce:/internal/x/cc-fu/dragon-bones from cce:/internal/x/cc as external dependency cce:/internal/x/cc-fu/dragon-bones.
debug: Resolve cce:/internal/x/cc-fu/custom-pipeline from cce:/internal/x/cc as external dependency cce:/internal/x/cc-fu/custom-pipeline.
debug: Detected change: cce:/internal/x/prerequisite-imports. Last mtime: Wed Dec 31 1969 21:30:50 GMT-0300 (hora estándar de Argentina), Current mtime: Wed Dec 31 1969 21:00:13 GMT-0300 (hora estándar de Argentina)
debug: Inspect cce:/internal/x/prerequisite-imports
debug: Resolve file:///C:/Users/Killa/Desktop/SnakeMatch/assets/Scripts/ButtonMethods.ts from cce:/internal/x/prerequisite-imports as file:///C:/Users/Killa/Desktop/SnakeMatch/assets/Scripts/ButtonMethods.ts.
debug: Resolve cc from file:///C:/Users/Killa/Desktop/SnakeMatch/assets/Scripts/ButtonMethods.ts as cce:/internal/x/cc.
debug: Resolve cc from file:///C:/Users/Killa/Desktop/SnakeMatch/assets/Scripts/ButtonMethods.ts as cce:/internal/x/cc.
debug: Resolve cc from file:///C:/Users/Killa/Desktop/SnakeMatch/assets/Scripts/ButtonMethods.ts as cce:/internal/x/cc.
debug: Resolve file:///C:/Users/Killa/Desktop/SnakeMatch/assets/Scripts/GameManager.ts from cce:/internal/x/prerequisite-imports as file:///C:/Users/Killa/Desktop/SnakeMatch/assets/Scripts/GameManager.ts.
debug: Resolve cce:/internal/code-quality/cr.mjs from file:///C:/Users/Killa/Desktop/SnakeMatch/assets/Scripts/GameManager.ts as cce:/internal/code-quality/cr.mjs.
debug: Detected change: cce:/internal/code-quality/cr.mjs. Last mtime: Thu Oct 13 2022 10:03:58 GMT-0300 (hora estándar de Argentina), Current mtime: Thu Oct 13 2022 10:35:24 GMT-0300 (hora estándar de Argentina)
debug: Inspect cce:/internal/code-quality/cr.mjs
debug: Resolve cc from file:///C:/Users/Killa/Desktop/SnakeMatch/assets/Scripts/GameManager.ts as cce:/internal/x/cc.
debug: Resolve cc from file:///C:/Users/Killa/Desktop/SnakeMatch/assets/Scripts/GameManager.ts as cce:/internal/x/cc.
debug: Resolve cc from file:///C:/Users/Killa/Desktop/SnakeMatch/assets/Scripts/GameManager.ts as cce:/internal/x/cc.
debug: Resolve ./SnakeController from file:///C:/Users/Killa/Desktop/SnakeMatch/assets/Scripts/GameManager.ts as file:///C:/Users/Killa/Desktop/SnakeMatch/assets/Scripts/SnakeController.ts.
debug: Detected change: file:///C:/Users/Killa/Desktop/SnakeMatch/assets/Scripts/SnakeController.ts. Last mtime: Thu Oct 13 2022 10:33:50 GMT-0300 (hora estándar de Argentina)@b24c5641-ca34-4917-a30d-80fde2732bc3, Current mtime: Thu Oct 13 2022 10:35:33 GMT-0300 (hora estándar de Argentina)@b24c5641-ca34-4917-a30d-80fde2732bc3
debug: Inspect file:///C:/Users/Killa/Desktop/SnakeMatch/assets/Scripts/SnakeController.ts
debug: Resolve cce:/internal/code-quality/cr.mjs from file:///C:/Users/Killa/Desktop/SnakeMatch/assets/Scripts/SnakeController.ts as cce:/internal/code-quality/cr.mjs.
debug: Resolve cc from file:///C:/Users/Killa/Desktop/SnakeMatch/assets/Scripts/SnakeController.ts as cce:/internal/x/cc.
debug: Resolve cc from file:///C:/Users/Killa/Desktop/SnakeMatch/assets/Scripts/SnakeController.ts as cce:/internal/x/cc.
debug: Resolve cc from file:///C:/Users/Killa/Desktop/SnakeMatch/assets/Scripts/SnakeController.ts as cce:/internal/x/cc.
debug: Resolve ./GameManager from file:///C:/Users/Killa/Desktop/SnakeMatch/assets/Scripts/SnakeController.ts as file:///C:/Users/Killa/Desktop/SnakeMatch/assets/Scripts/GameManager.ts.
debug: Resolve file:///C:/Users/Killa/Desktop/SnakeMatch/assets/Scripts/SnakeController.ts from cce:/internal/x/prerequisite-imports as file:///C:/Users/Killa/Desktop/SnakeMatch/assets/Scripts/SnakeController.ts.
debug: Target(editor) ends with cost 222.98669999837875ms.
debug: Target(preview) build started.
debug: Detected change: cce:/internal/x/cc. Last mtime: Wed Dec 31 1969 21:00:09 GMT-0300 (hora estándar de Argentina), Current mtime: Wed Dec 31 1969 21:00:13 GMT-0300 (hora estándar de Argentina)
debug: Inspect cce:/internal/x/cc
debug: Resolve cce:/internal/x/cc-fu/2d from cce:/internal/x/cc as external dependency cce:/internal/x/cc-fu/2d.
debug: Resolve cce:/internal/x/cc-fu/animation from cce:/internal/x/cc as external dependency cce:/internal/x/cc-fu/animation.
debug: Resolve cce:/internal/x/cc-fu/audio from cce:/internal/x/cc as external dependency cce:/internal/x/cc-fu/audio.
debug: Resolve cce:/internal/x/cc-fu/base from cce:/internal/x/cc as external dependency cce:/internal/x/cc-fu/base.
debug: Resolve cce:/internal/x/cc-fu/dragon-bones from cce:/internal/x/cc as external dependency cce:/internal/x/cc-fu/dragon-bones.
debug: Resolve cce:/internal/x/cc-fu/gfx-webgl from cce:/internal/x/cc as external dependency cce:/internal/x/cc-fu/gfx-webgl.
debug: Resolve cce:/internal/x/cc-fu/gfx-webgl2 from cce:/internal/x/cc as external dependency cce:/internal/x/cc-fu/gfx-webgl2.
debug: Resolve cce:/internal/x/cc-fu/intersection-2d from cce:/internal/x/cc as external dependency cce:/internal/x/cc-fu/intersection-2d.
debug: Resolve cce:/internal/x/cc-fu/particle-2d from cce:/internal/x/cc as external dependency cce:/internal/x/cc-fu/particle-2d.
debug: Resolve cce:/internal/x/cc-fu/physics-2d-box2d from cce:/internal/x/cc as external dependency cce:/internal/x/cc-fu/physics-2d-box2d.
debug: Resolve cce:/internal/x/cc-fu/physics-2d-framework from cce:/internal/x/cc as external dependency cce:/internal/x/cc-fu/physics-2d-framework.
debug: Resolve cce:/internal/x/cc-fu/profiler from cce:/internal/x/cc as external dependency cce:/internal/x/cc-fu/profiler.
debug: Resolve cce:/internal/x/cc-fu/skeletal-animation from cce:/internal/x/cc as external dependency cce:/internal/x/cc-fu/skeletal-animation.
debug: Resolve cce:/internal/x/cc-fu/spine from cce:/internal/x/cc as external dependency cce:/internal/x/cc-fu/spine.
debug: Resolve cce:/internal/x/cc-fu/tiled-map from cce:/internal/x/cc as external dependency cce:/internal/x/cc-fu/tiled-map.
debug: Resolve cce:/internal/x/cc-fu/tween from cce:/internal/x/cc as external dependency cce:/internal/x/cc-fu/tween.
debug: Resolve cce:/internal/x/cc-fu/ui from cce:/internal/x/cc as external dependency cce:/internal/x/cc-fu/ui.
debug: Resolve cce:/internal/x/cc-fu/video from cce:/internal/x/cc as external dependency cce:/internal/x/cc-fu/video.
debug: Resolve cce:/internal/x/cc-fu/webview from cce:/internal/x/cc as external dependency cce:/internal/x/cc-fu/webview.
debug: Detected change: cce:/internal/x/prerequisite-imports. Last mtime: Wed Dec 31 1969 21:30:50 GMT-0300 (hora estándar de Argentina), Current mtime: Wed Dec 31 1969 21:00:13 GMT-0300 (hora estándar de Argentina)
debug: Inspect cce:/internal/x/prerequisite-imports
debug: Resolve file:///C:/Users/Killa/Desktop/SnakeMatch/assets/Scripts/ButtonMethods.ts from cce:/internal/x/prerequisite-imports as file:///C:/Users/Killa/Desktop/SnakeMatch/assets/Scripts/ButtonMethods.ts.
debug: Resolve cc from file:///C:/Users/Killa/Desktop/SnakeMatch/assets/Scripts/ButtonMethods.ts as cce:/internal/x/cc.
debug: Resolve cc from file:///C:/Users/Killa/Desktop/SnakeMatch/assets/Scripts/ButtonMethods.ts as cce:/internal/x/cc.
debug: Resolve cc from file:///C:/Users/Killa/Desktop/SnakeMatch/assets/Scripts/ButtonMethods.ts as cce:/internal/x/cc.
debug: Resolve file:///C:/Users/Killa/Desktop/SnakeMatch/assets/Scripts/GameManager.ts from cce:/internal/x/prerequisite-imports as file:///C:/Users/Killa/Desktop/SnakeMatch/assets/Scripts/GameManager.ts.
debug: Resolve cce:/internal/code-quality/cr.mjs from file:///C:/Users/Killa/Desktop/SnakeMatch/assets/Scripts/GameManager.ts as cce:/internal/code-quality/cr.mjs.
debug: Detected change: cce:/internal/code-quality/cr.mjs. Last mtime: Thu Oct 13 2022 10:03:58 GMT-0300 (hora estándar de Argentina), Current mtime: Thu Oct 13 2022 10:35:24 GMT-0300 (hora estándar de Argentina)
debug: Inspect cce:/internal/code-quality/cr.mjs
debug: Resolve cc from file:///C:/Users/Killa/Desktop/SnakeMatch/assets/Scripts/GameManager.ts as cce:/internal/x/cc.
debug: Resolve cc from file:///C:/Users/Killa/Desktop/SnakeMatch/assets/Scripts/GameManager.ts as cce:/internal/x/cc.
debug: Resolve cc from file:///C:/Users/Killa/Desktop/SnakeMatch/assets/Scripts/GameManager.ts as cce:/internal/x/cc.
debug: Resolve ./SnakeController from file:///C:/Users/Killa/Desktop/SnakeMatch/assets/Scripts/GameManager.ts as file:///C:/Users/Killa/Desktop/SnakeMatch/assets/Scripts/SnakeController.ts.
debug: Detected change: file:///C:/Users/Killa/Desktop/SnakeMatch/assets/Scripts/SnakeController.ts. Last mtime: Thu Oct 13 2022 10:33:50 GMT-0300 (hora estándar de Argentina)@b24c5641-ca34-4917-a30d-80fde2732bc3, Current mtime: Thu Oct 13 2022 10:35:33 GMT-0300 (hora estándar de Argentina)@b24c5641-ca34-4917-a30d-80fde2732bc3
debug: Inspect file:///C:/Users/Killa/Desktop/SnakeMatch/assets/Scripts/SnakeController.ts
debug: Resolve cce:/internal/code-quality/cr.mjs from file:///C:/Users/Killa/Desktop/SnakeMatch/assets/Scripts/SnakeController.ts as cce:/internal/code-quality/cr.mjs.
debug: Resolve cc from file:///C:/Users/Killa/Desktop/SnakeMatch/assets/Scripts/SnakeController.ts as cce:/internal/x/cc.
debug: Resolve cc from file:///C:/Users/Killa/Desktop/SnakeMatch/assets/Scripts/SnakeController.ts as cce:/internal/x/cc.
debug: Resolve cc from file:///C:/Users/Killa/Desktop/SnakeMatch/assets/Scripts/SnakeController.ts as cce:/internal/x/cc.
debug: Resolve ./GameManager from file:///C:/Users/Killa/Desktop/SnakeMatch/assets/Scripts/SnakeController.ts as file:///C:/Users/Killa/Desktop/SnakeMatch/assets/Scripts/GameManager.ts.
debug: Resolve file:///C:/Users/Killa/Desktop/SnakeMatch/assets/Scripts/SnakeController.ts from cce:/internal/x/prerequisite-imports as file:///C:/Users/Killa/Desktop/SnakeMatch/assets/Scripts/SnakeController.ts.
debug: Target(preview) ends with cost 188.52809999883175ms.
debug: Pulling asset-db.
debug: Fetch asset-db cost: 13.149499997496605ms.
debug: Build iteration starts.
Number of accumulated asset changes: 3
Feature changed: false
debug: Target(editor) build started.
debug: Detected change: cce:/internal/x/prerequisite-imports. Last mtime: Wed Dec 31 1969 21:00:13 GMT-0300 (hora estándar de Argentina), Current mtime: Wed Dec 31 1969 21:00:15 GMT-0300 (hora estándar de Argentina)
debug: Inspect cce:/internal/x/prerequisite-imports
debug: Resolve file:///C:/Users/Killa/Desktop/SnakeMatch/assets/Scripts/ButtonMethods.ts from cce:/internal/x/prerequisite-imports as file:///C:/Users/Killa/Desktop/SnakeMatch/assets/Scripts/ButtonMethods.ts.
debug: Resolve file:///C:/Users/Killa/Desktop/SnakeMatch/assets/Scripts/GameManager.ts from cce:/internal/x/prerequisite-imports as file:///C:/Users/Killa/Desktop/SnakeMatch/assets/Scripts/GameManager.ts.
debug: Resolve file:///C:/Users/Killa/Desktop/SnakeMatch/assets/Scripts/SnakeController.ts from cce:/internal/x/prerequisite-imports as file:///C:/Users/Killa/Desktop/SnakeMatch/assets/Scripts/SnakeController.ts.
debug: Target(editor) ends with cost 32.141100004315376ms.
debug: Target(preview) build started.
debug: Detected change: cce:/internal/x/prerequisite-imports. Last mtime: Wed Dec 31 1969 21:00:13 GMT-0300 (hora estándar de Argentina), Current mtime: Wed Dec 31 1969 21:00:15 GMT-0300 (hora estándar de Argentina)
debug: Inspect cce:/internal/x/prerequisite-imports
debug: Resolve file:///C:/Users/Killa/Desktop/SnakeMatch/assets/Scripts/ButtonMethods.ts from cce:/internal/x/prerequisite-imports as file:///C:/Users/Killa/Desktop/SnakeMatch/assets/Scripts/ButtonMethods.ts.
debug: Resolve file:///C:/Users/Killa/Desktop/SnakeMatch/assets/Scripts/GameManager.ts from cce:/internal/x/prerequisite-imports as file:///C:/Users/Killa/Desktop/SnakeMatch/assets/Scripts/GameManager.ts.
debug: Resolve file:///C:/Users/Killa/Desktop/SnakeMatch/assets/Scripts/SnakeController.ts from cce:/internal/x/prerequisite-imports as file:///C:/Users/Killa/Desktop/SnakeMatch/assets/Scripts/SnakeController.ts.
debug: Target(preview) ends with cost 25.397900000214577ms.
debug: Dispatch build request for time accumulated 1 asset changes.
debug: Build iteration starts.
Number of accumulated asset changes: 1
Feature changed: false
debug: Target(editor) build started.
debug: Detected change: cce:/internal/x/prerequisite-imports. Last mtime: Wed Dec 31 1969 21:00:15 GMT-0300 (hora estándar de Argentina), Current mtime: Wed Dec 31 1969 21:01:28 GMT-0300 (hora estándar de Argentina)
debug: Inspect cce:/internal/x/prerequisite-imports
debug: Resolve file:///C:/Users/Killa/Desktop/SnakeMatch/assets/Scripts/ButtonMethods.ts from cce:/internal/x/prerequisite-imports as file:///C:/Users/Killa/Desktop/SnakeMatch/assets/Scripts/ButtonMethods.ts.
debug: Resolve file:///C:/Users/Killa/Desktop/SnakeMatch/assets/Scripts/GameManager.ts from cce:/internal/x/prerequisite-imports as file:///C:/Users/Killa/Desktop/SnakeMatch/assets/Scripts/GameManager.ts.
debug: Detected change: file:///C:/Users/Killa/Desktop/SnakeMatch/assets/Scripts/SnakeController.ts. Last mtime: Thu Oct 13 2022 10:35:33 GMT-0300 (hora estándar de Argentina)@b24c5641-ca34-4917-a30d-80fde2732bc3, Current mtime: Thu Oct 13 2022 10:36:51 GMT-0300 (hora estándar de Argentina)@b24c5641-ca34-4917-a30d-80fde2732bc3
debug: Inspect file:///C:/Users/Killa/Desktop/SnakeMatch/assets/Scripts/SnakeController.ts
debug: Resolve cce:/internal/code-quality/cr.mjs from file:///C:/Users/Killa/Desktop/SnakeMatch/assets/Scripts/SnakeController.ts as cce:/internal/code-quality/cr.mjs.
debug: Resolve cc from file:///C:/Users/Killa/Desktop/SnakeMatch/assets/Scripts/SnakeController.ts as cce:/internal/x/cc.
debug: Resolve cc from file:///C:/Users/Killa/Desktop/SnakeMatch/assets/Scripts/SnakeController.ts as cce:/internal/x/cc.
debug: Resolve cc from file:///C:/Users/Killa/Desktop/SnakeMatch/assets/Scripts/SnakeController.ts as cce:/internal/x/cc.
debug: Resolve ./GameManager from file:///C:/Users/Killa/Desktop/SnakeMatch/assets/Scripts/SnakeController.ts as file:///C:/Users/Killa/Desktop/SnakeMatch/assets/Scripts/GameManager.ts.
debug: Resolve file:///C:/Users/Killa/Desktop/SnakeMatch/assets/Scripts/SnakeController.ts from cce:/internal/x/prerequisite-imports as file:///C:/Users/Killa/Desktop/SnakeMatch/assets/Scripts/SnakeController.ts.
debug: Target(editor) ends with cost 118.84120000898838ms.
debug: Target(preview) build started.
debug: Detected change: cce:/internal/x/prerequisite-imports. Last mtime: Wed Dec 31 1969 21:00:15 GMT-0300 (hora estándar de Argentina), Current mtime: Wed Dec 31 1969 21:01:28 GMT-0300 (hora estándar de Argentina)
debug: Inspect cce:/internal/x/prerequisite-imports
debug: Resolve file:///C:/Users/Killa/Desktop/SnakeMatch/assets/Scripts/ButtonMethods.ts from cce:/internal/x/prerequisite-imports as file:///C:/Users/Killa/Desktop/SnakeMatch/assets/Scripts/ButtonMethods.ts.
debug: Resolve file:///C:/Users/Killa/Desktop/SnakeMatch/assets/Scripts/GameManager.ts from cce:/internal/x/prerequisite-imports as file:///C:/Users/Killa/Desktop/SnakeMatch/assets/Scripts/GameManager.ts.
debug: Detected change: file:///C:/Users/Killa/Desktop/SnakeMatch/assets/Scripts/SnakeController.ts. Last mtime: Thu Oct 13 2022 10:35:33 GMT-0300 (hora estándar de Argentina)@b24c5641-ca34-4917-a30d-80fde2732bc3, Current mtime: Thu Oct 13 2022 10:36:51 GMT-0300 (hora estándar de Argentina)@b24c5641-ca34-4917-a30d-80fde2732bc3
debug: Inspect file:///C:/Users/Killa/Desktop/SnakeMatch/assets/Scripts/SnakeController.ts
debug: Resolve cce:/internal/code-quality/cr.mjs from file:///C:/Users/Killa/Desktop/SnakeMatch/assets/Scripts/SnakeController.ts as cce:/internal/code-quality/cr.mjs.
debug: Resolve cc from file:///C:/Users/Killa/Desktop/SnakeMatch/assets/Scripts/SnakeController.ts as cce:/internal/x/cc.
debug: Resolve cc from file:///C:/Users/Killa/Desktop/SnakeMatch/assets/Scripts/SnakeController.ts as cce:/internal/x/cc.
debug: Resolve cc from file:///C:/Users/Killa/Desktop/SnakeMatch/assets/Scripts/SnakeController.ts as cce:/internal/x/cc.
debug: Resolve ./GameManager from file:///C:/Users/Killa/Desktop/SnakeMatch/assets/Scripts/SnakeController.ts as file:///C:/Users/Killa/Desktop/SnakeMatch/assets/Scripts/GameManager.ts.
debug: Resolve file:///C:/Users/Killa/Desktop/SnakeMatch/assets/Scripts/SnakeController.ts from cce:/internal/x/prerequisite-imports as file:///C:/Users/Killa/Desktop/SnakeMatch/assets/Scripts/SnakeController.ts.
debug: Target(preview) ends with cost 107.30300000309944ms.
